Mon Jun 26 2017 00:29:15 GMT+0800 (+08): GET /
Mon Jun 26 2017 00:29:16 GMT+0800 (+08): GET /favicon.ico
Mon Jun 26 2017 00:29:18 GMT+0800 (+08): GET /about
Mon Jun 26 2017 00:29:19 GMT+0800 (+08): GET /
Mon Jun 26 2017 00:29:20 GMT+0800 (+08): GET /about
Mon Jun 26 2017 00:29:22 GMT+0800 (+08): GET /
Mon Jun 26 2017 00:29:24 GMT+0800 (+08): GET /about
Mon Jun 26 2017 00:29:27 GMT+0800 (+08): GET /
Mon Jun 26 2017 00:36:41 GMT+0800 (+08): GET /
Mon Jun 26 2017 00:36:47 GMT+0800 (+08): GET /
Mon Jun 26 2017 00:37:07 GMT+0800 (+08): GET /
Mon Jun 26 2017 00:37:10 GMT+0800 (+08): GET /
Mon Jun 26 2017 00:37:21 GMT+0800 (+08): GET /
Mon Jun 26 2017 00:37:44 GMT+0800 (+08): GET /
Mon Jun 26 2017 00:37:45 GMT+0800 (+08): GET /about
Mon Jun 26 2017 00:37:46 GMT+0800 (+08): GET /
Mon Jun 26 2017 00:37:50 GMT+0800 (+08): GET /
Mon Jun 26 2017 00:41:53 GMT+0800 (+08): GET /
Mon Jun 26 2017 00:48:07 GMT+0800 (+08): GET /help
Mon Jun 26 2017 00:48:14 GMT+0800 (+08): GET /help.html
Mon Jun 26 2017 00:48:54 GMT+0800 (+08): GET /help.html
Mon Jun 26 2017 00:49:35 GMT+0800 (+08): GET /help.html
Mon Jun 26 2017 00:50:27 GMT+0800 (+08): GET /
Mon Jun 26 2017 00:53:38 GMT+0800 (+08): GET /
Mon Jun 26 2017 00:53:43 GMT+0800 (+08): GET /help.html
Mon Jun 26 2017 00:53:46 GMT+0800 (+08): GET /
Mon Jun 26 2017 00:53:48 GMT+0800 (+08): GET /about
Mon Jun 26 2017 00:53:51 GMT+0800 (+08): GET /
Mon Jun 26 2017 00:53:53 GMT+0800 (+08): GET /about
Mon Jun 26 2017 00:53:54 GMT+0800 (+08): GET /
Mon Jun 26 2017 00:54:34 GMT+0800 (+08): GET /
Mon Jun 26 2017 00:54:42 GMT+0800 (+08): GET /
Mon Jun 26 2017 00:54:44 GMT+0800 (+08): GET /help.html
Mon Jun 26 2017 00:54:46 GMT+0800 (+08): GET /
Mon Jun 26 2017 01:18:21 GMT+0800 (+08): GET /
Mon Jun 26 2017 01:28:17 GMT+0800 (+08): GET /
Mon Jun 26 2017 01:28:17 GMT+0800 (+08): GET /bootstrap/css/bootstrap.min.css
Mon Jun 26 2017 01:28:20 GMT+0800 (+08): GET /
Mon Jun 26 2017 01:28:20 GMT+0800 (+08): GET /bootstrap/css/bootstrap.min.css
Mon Jun 26 2017 01:28:22 GMT+0800 (+08): GET /
Mon Jun 26 2017 01:28:22 GMT+0800 (+08): GET /bootstrap/css/bootstrap.min.css
Mon Jun 26 2017 01:28:24 GMT+0800 (+08): GET /about
Mon Jun 26 2017 01:28:24 GMT+0800 (+08): GET /bootstrap/css/bootstrap.min.css
Mon Jun 26 2017 01:28:26 GMT+0800 (+08): GET /
Mon Jun 26 2017 01:28:26 GMT+0800 (+08): GET /bootstrap/css/bootstrap.min.css
Mon Jun 26 2017 01:28:52 GMT+0800 (+08): GET /
Mon Jun 26 2017 01:28:53 GMT+0800 (+08): GET /bootstrap/css/bootstrap.min.css
Mon Jun 26 2017 01:29:11 GMT+0800 (+08): GET /
Mon Jun 26 2017 01:29:11 GMT+0800 (+08): GET /bootstrap/css/bootstrap.min.css
Mon Jun 26 2017 01:29:14 GMT+0800 (+08): GET /
Mon Jun 26 2017 01:29:14 GMT+0800 (+08): GET /bootstrap/css/bootstrap.min.css
Mon Jun 26 2017 01:29:16 GMT+0800 (+08): GET /
Mon Jun 26 2017 01:29:16 GMT+0800 (+08): GET /bootstrap/css/bootstrap.min.css
Mon Jun 26 2017 01:29:17 GMT+0800 (+08): GET /
Mon Jun 26 2017 01:29:18 GMT+0800 (+08): GET /bootstrap/css/bootstrap.min.css
Mon Jun 26 2017 01:29:18 GMT+0800 (+08): GET /about
Mon Jun 26 2017 01:29:18 GMT+0800 (+08): GET /bootstrap/css/bootstrap.min.css
Mon Jun 26 2017 01:29:20 GMT+0800 (+08): GET /help.html
Mon Jun 26 2017 01:29:23 GMT+0800 (+08): GET /
Mon Jun 26 2017 01:29:23 GMT+0800 (+08): GET /bootstrap/css/bootstrap.min.css
Mon Jun 26 2017 01:32:04 GMT+0800 (+08): GET /
Mon Jun 26 2017 01:32:04 GMT+0800 (+08): GET /bootstrap/css/bootstrap.min.css
Mon Jun 26 2017 01:33:49 GMT+0800 (+08): GET /
Mon Jun 26 2017 01:33:49 GMT+0800 (+08): GET /bootstrap/css/bootstrap.min.css
Mon Jun 26 2017 01:33:52 GMT+0800 (+08): GET /
Mon Jun 26 2017 01:33:52 GMT+0800 (+08): GET /bootstrap/css/bootstrap.min.css
Mon Jun 26 2017 01:34:05 GMT+0800 (+08): GET /
Mon Jun 26 2017 01:34:05 GMT+0800 (+08): GET /bootstrap/css/bootstrap.min.css
Mon Jun 26 2017 01:34:05 GMT+0800 (+08): GET /dist/css/bootstrap.min.css
Mon Jun 26 2017 01:34:05 GMT+0800 (+08): GET /assets/css/ie10-viewport-bug-workaround.css
Mon Jun 26 2017 01:34:05 GMT+0800 (+08): GET /jumbotron-narrow.css
Mon Jun 26 2017 01:34:05 GMT+0800 (+08): GET /assets/js/ie-emulation-modes-warning.js
Mon Jun 26 2017 01:34:06 GMT+0800 (+08): GET /
Mon Jun 26 2017 01:34:06 GMT+0800 (+08): GET /bootstrap/css/bootstrap.min.css
Mon Jun 26 2017 01:34:06 GMT+0800 (+08): GET /dist/css/bootstrap.min.css
Mon Jun 26 2017 01:34:06 GMT+0800 (+08): GET /assets/css/ie10-viewport-bug-workaround.css
Mon Jun 26 2017 01:34:06 GMT+0800 (+08): GET /jumbotron-narrow.css
Mon Jun 26 2017 01:34:06 GMT+0800 (+08): GET /assets/js/ie-emulation-modes-warning.js
Mon Jun 26 2017 01:34:07 GMT+0800 (+08): GET /about
Mon Jun 26 2017 01:34:07 GMT+0800 (+08): GET /bootstrap/css/bootstrap.min.css
Mon Jun 26 2017 01:34:07 GMT+0800 (+08): GET /dist/css/bootstrap.min.css
Mon Jun 26 2017 01:34:07 GMT+0800 (+08): GET /assets/css/ie10-viewport-bug-workaround.css
Mon Jun 26 2017 01:34:07 GMT+0800 (+08): GET /jumbotron-narrow.css
Mon Jun 26 2017 01:34:07 GMT+0800 (+08): GET /assets/js/ie-emulation-modes-warning.js
Mon Jun 26 2017 01:34:09 GMT+0800 (+08): GET /
Mon Jun 26 2017 01:34:09 GMT+0800 (+08): GET /bootstrap/css/bootstrap.min.css
Mon Jun 26 2017 01:34:09 GMT+0800 (+08): GET /dist/css/bootstrap.min.css
Mon Jun 26 2017 01:34:09 GMT+0800 (+08): GET /jumbotron-narrow.css
Mon Jun 26 2017 01:34:09 GMT+0800 (+08): GET /assets/css/ie10-viewport-bug-workaround.css
Mon Jun 26 2017 01:34:09 GMT+0800 (+08): GET /assets/js/ie-emulation-modes-warning.js
Mon Jun 26 2017 01:34:11 GMT+0800 (+08): GET /help.html
Mon Jun 26 2017 01:34:12 GMT+0800 (+08): GET /
Mon Jun 26 2017 01:34:13 GMT+0800 (+08): GET /bootstrap/css/bootstrap.min.css
Mon Jun 26 2017 01:34:13 GMT+0800 (+08): GET /dist/css/bootstrap.min.css
Mon Jun 26 2017 01:34:13 GMT+0800 (+08): GET /assets/css/ie10-viewport-bug-workaround.css
Mon Jun 26 2017 01:34:13 GMT+0800 (+08): GET /jumbotron-narrow.css
Mon Jun 26 2017 01:34:13 GMT+0800 (+08): GET /assets/js/ie-emulation-modes-warning.js
Mon Jun 26 2017 01:34:14 GMT+0800 (+08): GET /
Mon Jun 26 2017 01:34:14 GMT+0800 (+08): GET /bootstrap/css/bootstrap.min.css
Mon Jun 26 2017 01:34:14 GMT+0800 (+08): GET /dist/css/bootstrap.min.css
Mon Jun 26 2017 01:34:14 GMT+0800 (+08): GET /assets/css/ie10-viewport-bug-workaround.css
Mon Jun 26 2017 01:34:14 GMT+0800 (+08): GET /jumbotron-narrow.css
Mon Jun 26 2017 01:34:14 GMT+0800 (+08): GET /assets/js/ie-emulation-modes-warning.js
Mon Jun 26 2017 01:36:15 GMT+0800 (+08): GET /
Mon Jun 26 2017 01:36:15 GMT+0800 (+08): GET /bootstrap/css/bootstrap.min.css
Mon Jun 26 2017 01:36:15 GMT+0800 (+08): GET /dist/css/bootstrap.min.css
Mon Jun 26 2017 01:36:15 GMT+0800 (+08): GET /assets/css/ie10-viewport-bug-workaround.css
Mon Jun 26 2017 01:36:15 GMT+0800 (+08): GET /jumbotron-narrow.css
Mon Jun 26 2017 01:36:15 GMT+0800 (+08): GET /assets/js/ie-emulation-modes-warning.js
Mon Jun 26 2017 01:36:17 GMT+0800 (+08): GET /
Mon Jun 26 2017 01:36:17 GMT+0800 (+08): GET /bootstrap/css/bootstrap.min.css
Mon Jun 26 2017 01:36:17 GMT+0800 (+08): GET /dist/css/bootstrap.min.css
Mon Jun 26 2017 01:36:17 GMT+0800 (+08): GET /assets/css/ie10-viewport-bug-workaround.css
Mon Jun 26 2017 01:36:17 GMT+0800 (+08): GET /jumbotron-narrow.css
Mon Jun 26 2017 01:36:17 GMT+0800 (+08): GET /assets/js/ie-emulation-modes-warning.js
Mon Jun 26 2017 01:36:19 GMT+0800 (+08): GET /
Mon Jun 26 2017 01:36:19 GMT+0800 (+08): GET /bootstrap/css/bootstrap.min.css
Mon Jun 26 2017 01:36:19 GMT+0800 (+08): GET /dist/css/bootstrap.min.css
Mon Jun 26 2017 01:36:19 GMT+0800 (+08): GET /assets/css/ie10-viewport-bug-workaround.css
Mon Jun 26 2017 01:36:19 GMT+0800 (+08): GET /jumbotron-narrow.css
Mon Jun 26 2017 01:36:19 GMT+0800 (+08): GET /assets/js/ie-emulation-modes-warning.js
Mon Jun 26 2017 01:36:20 GMT+0800 (+08): GET /about
Mon Jun 26 2017 01:36:21 GMT+0800 (+08): GET /bootstrap/css/bootstrap.min.css
Mon Jun 26 2017 01:36:21 GMT+0800 (+08): GET /dist/css/bootstrap.min.css
Mon Jun 26 2017 01:36:21 GMT+0800 (+08): GET /assets/js/ie-emulation-modes-warning.js
Mon Jun 26 2017 01:36:21 GMT+0800 (+08): GET /assets/css/ie10-viewport-bug-workaround.css
Mon Jun 26 2017 01:36:21 GMT+0800 (+08): GET /jumbotron-narrow.css
Mon Jun 26 2017 01:36:22 GMT+0800 (+08): GET /help.html
Mon Jun 26 2017 01:36:24 GMT+0800 (+08): GET /
Mon Jun 26 2017 01:36:24 GMT+0800 (+08): GET /bootstrap/css/bootstrap.min.css
Mon Jun 26 2017 01:36:24 GMT+0800 (+08): GET /dist/css/bootstrap.min.css
Mon Jun 26 2017 01:36:24 GMT+0800 (+08): GET /assets/css/ie10-viewport-bug-workaround.css
Mon Jun 26 2017 01:36:24 GMT+0800 (+08): GET /jumbotron-narrow.css
Mon Jun 26 2017 01:36:24 GMT+0800 (+08): GET /assets/js/ie-emulation-modes-warning.js
Mon Jun 26 2017 01:36:29 GMT+0800 (+08): GET /
Mon Jun 26 2017 01:36:30 GMT+0800 (+08): GET /bootstrap/css/bootstrap.min.css
Mon Jun 26 2017 01:36:30 GMT+0800 (+08): GET /dist/css/bootstrap.min.css
Mon Jun 26 2017 01:36:30 GMT+0800 (+08): GET /jumbotron-narrow.css
Mon Jun 26 2017 01:36:30 GMT+0800 (+08): GET /assets/js/ie-emulation-modes-warning.js
Mon Jun 26 2017 01:36:30 GMT+0800 (+08): GET /assets/css/ie10-viewport-bug-workaround.css
Mon Jun 26 2017 01:36:30 GMT+0800 (+08): GET /
Mon Jun 26 2017 01:36:30 GMT+0800 (+08): GET /bootstrap/css/bootstrap.min.css
Mon Jun 26 2017 01:36:30 GMT+0800 (+08): GET /dist/css/bootstrap.min.css
Mon Jun 26 2017 01:36:30 GMT+0800 (+08): GET /assets/css/ie10-viewport-bug-workaround.css
Mon Jun 26 2017 01:36:30 GMT+0800 (+08): GET /jumbotron-narrow.css
Mon Jun 26 2017 01:36:30 GMT+0800 (+08): GET /assets/js/ie-emulation-modes-warning.js
Mon Jun 26 2017 01:36:32 GMT+0800 (+08): GET /
Mon Jun 26 2017 01:36:32 GMT+0800 (+08): GET /bootstrap/css/bootstrap.min.css
Mon Jun 26 2017 01:36:32 GMT+0800 (+08): GET /dist/css/bootstrap.min.css
Mon Jun 26 2017 01:36:32 GMT+0800 (+08): GET /assets/css/ie10-viewport-bug-workaround.css
Mon Jun 26 2017 01:36:32 GMT+0800 (+08): GET /jumbotron-narrow.css
Mon Jun 26 2017 01:36:32 GMT+0800 (+08): GET /assets/js/ie-emulation-modes-warning.js
Mon Jun 26 2017 01:36:55 GMT+0800 (+08): GET /
Mon Jun 26 2017 01:36:55 GMT+0800 (+08): GET /bootstrap/css/bootstrap.min.css
Mon Jun 26 2017 01:36:56 GMT+0800 (+08): GET /assets/js/ie-emulation-modes-warning.js
Mon Jun 26 2017 01:36:59 GMT+0800 (+08): GET /
Mon Jun 26 2017 01:36:59 GMT+0800 (+08): GET /bootstrap/css/bootstrap.min.css
Mon Jun 26 2017 01:36:59 GMT+0800 (+08): GET /assets/js/ie-emulation-modes-warning.js
Mon Jun 26 2017 01:37:02 GMT+0800 (+08): GET /about
Mon Jun 26 2017 01:37:02 GMT+0800 (+08): GET /bootstrap/css/bootstrap.min.css
Mon Jun 26 2017 01:37:02 GMT+0800 (+08): GET /assets/js/ie-emulation-modes-warning.js
Mon Jun 26 2017 01:37:04 GMT+0800 (+08): GET /
Mon Jun 26 2017 01:37:04 GMT+0800 (+08): GET /bootstrap/css/bootstrap.min.css
Mon Jun 26 2017 01:37:04 GMT+0800 (+08): GET /assets/js/ie-emulation-modes-warning.js
Mon Jun 26 2017 01:38:57 GMT+0800 (+08): GET /
Mon Jun 26 2017 01:38:57 GMT+0800 (+08): GET /assets/js/ie-emulation-modes-warning.js
Mon Jun 26 2017 01:38:57 GMT+0800 (+08): GET /bootstrap/css/bootstrap.min.css
Mon Jun 26 2017 01:39:00 GMT+0800 (+08): GET /
Mon Jun 26 2017 01:39:00 GMT+0800 (+08): GET /bootstrap/css/bootstrap.min.css
Mon Jun 26 2017 01:39:00 GMT+0800 (+08): GET /assets/js/ie-emulation-modes-warning.js
Mon Jun 26 2017 01:39:00 GMT+0800 (+08): GET /assets/js/ie-emulation-modes-warning.js
Mon Jun 26 2017 01:39:01 GMT+0800 (+08): GET /about
Mon Jun 26 2017 01:39:01 GMT+0800 (+08): GET /bootstrap/css/bootstrap.min.css
Mon Jun 26 2017 01:39:01 GMT+0800 (+08): GET /assets/js/ie-emulation-modes-warning.js
Mon Jun 26 2017 01:39:02 GMT+0800 (+08): GET /about
Mon Jun 26 2017 01:39:02 GMT+0800 (+08): GET /bootstrap/css/bootstrap.min.css
Mon Jun 26 2017 01:39:02 GMT+0800 (+08): GET /assets/js/ie-emulation-modes-warning.js
Mon Jun 26 2017 01:39:02 GMT+0800 (+08): GET /assets/js/ie-emulation-modes-warning.js
Mon Jun 26 2017 01:39:03 GMT+0800 (+08): GET /help.html
Mon Jun 26 2017 01:39:05 GMT+0800 (+08): GET /
Mon Jun 26 2017 01:39:05 GMT+0800 (+08): GET /bootstrap/css/bootstrap.min.css
Mon Jun 26 2017 01:39:05 GMT+0800 (+08): GET /assets/js/ie-emulation-modes-warning.js
Mon Jun 26 2017 01:39:08 GMT+0800 (+08): GET /
Mon Jun 26 2017 01:39:08 GMT+0800 (+08): GET /bootstrap/css/bootstrap.min.css
Mon Jun 26 2017 01:39:08 GMT+0800 (+08): GET /assets/js/ie-emulation-modes-warning.js
Mon Jun 26 2017 01:39:09 GMT+0800 (+08): GET /about
Mon Jun 26 2017 01:39:09 GMT+0800 (+08): GET /bootstrap/css/bootstrap.min.css
Mon Jun 26 2017 01:39:09 GMT+0800 (+08): GET /assets/js/ie-emulation-modes-warning.js
Mon Jun 26 2017 01:39:10 GMT+0800 (+08): GET /help.html
Mon Jun 26 2017 01:39:12 GMT+0800 (+08): GET /
Mon Jun 26 2017 01:39:12 GMT+0800 (+08): GET /bootstrap/css/bootstrap.min.css
Mon Jun 26 2017 01:39:12 GMT+0800 (+08): GET /assets/js/ie-emulation-modes-warning.js
Mon Jun 26 2017 01:39:16 GMT+0800 (+08): GET /
Mon Jun 26 2017 01:39:16 GMT+0800 (+08): GET /bootstrap/css/bootstrap.min.css
Mon Jun 26 2017 01:39:16 GMT+0800 (+08): GET /assets/js/ie-emulation-modes-warning.js
Mon Jun 26 2017 01:40:40 GMT+0800 (+08): GET /
Mon Jun 26 2017 01:40:40 GMT+0800 (+08): GET /bootstrap/css/bootstrap.min.css
Mon Jun 26 2017 01:40:40 GMT+0800 (+08): GET /assets/js/ie-emulation-modes-warning.js
Mon Jun 26 2017 01:40:50 GMT+0800 (+08): GET /
Mon Jun 26 2017 01:40:50 GMT+0800 (+08): GET /bootstrap/css/bootstrap.min.css
Mon Jun 26 2017 01:42:31 GMT+0800 (+08): GET /
Mon Jun 26 2017 01:42:31 GMT+0800 (+08): GET /bootstrap/css/bootstrap.min.css
Mon Jun 26 2017 01:42:41 GMT+0800 (+08): GET /
Mon Jun 26 2017 01:42:41 GMT+0800 (+08): GET /bootstrap/css/bootstrap.min.css
Mon Jun 26 2017 01:42:44 GMT+0800 (+08): GET /
Mon Jun 26 2017 01:42:44 GMT+0800 (+08): GET /bootstrap/css/bootstrap.min.css
Mon Jun 26 2017 01:42:45 GMT+0800 (+08): GET /about
Mon Jun 26 2017 01:42:45 GMT+0800 (+08): GET /bootstrap/css/bootstrap.min.css
Mon Jun 26 2017 01:42:47 GMT+0800 (+08): GET /help.html
Mon Jun 26 2017 01:42:52 GMT+0800 (+08): GET /
Mon Jun 26 2017 01:42:52 GMT+0800 (+08): GET /bootstrap/css/bootstrap.min.css
Mon Jun 26 2017 01:44:11 GMT+0800 (+08): GET /
Mon Jun 26 2017 01:44:11 GMT+0800 (+08): GET /bootstrap/css/bootstrap.min.css
Mon Jun 26 2017 01:44:14 GMT+0800 (+08): GET /help.html
Mon Jun 26 2017 01:44:17 GMT+0800 (+08): GET /
Mon Jun 26 2017 01:44:18 GMT+0800 (+08): GET /bootstrap/css/bootstrap.min.css
Mon Jun 26 2017 01:45:21 GMT+0800 (+08): GET /help.html
Mon Jun 26 2017 01:46:13 GMT+0800 (+08): GET /
Mon Jun 26 2017 01:47:53 GMT+0800 (+08): GET /
Mon Jun 26 2017 01:47:59 GMT+0800 (+08): GET /
Mon Jun 26 2017 01:48:01 GMT+0800 (+08): GET /
Mon Jun 26 2017 01:48:58 GMT+0800 (+08): GET /
Mon Jun 26 2017 01:49:00 GMT+0800 (+08): GET /
Mon Jun 26 2017 01:52:26 GMT+0800 (+08): GET /
Mon Jun 26 2017 01:53:43 GMT+0800 (+08): GET /
Mon Jun 26 2017 01:54:24 GMT+0800 (+08): GET /
Mon Jun 26 2017 01:54:32 GMT+0800 (+08): GET /
Mon Jun 26 2017 01:56:20 GMT+0800 (+08): GET /
Mon Jun 26 2017 01:56:34 GMT+0800 (+08): GET /about
Mon Jun 26 2017 01:56:34 GMT+0800 (+08): GET /bootstrap/css/bootstrap.min.css
Mon Jun 26 2017 01:56:37 GMT+0800 (+08): GET /help.html
Mon Jun 26 2017 01:56:41 GMT+0800 (+08): GET /
Mon Jun 26 2017 01:59:53 GMT+0800 (+08): GET /
Mon Jun 26 2017 01:59:55 GMT+0800 (+08): GET /help
Mon Jun 26 2017 02:00:56 GMT+0800 (+08): GET /help
Mon Jun 26 2017 02:01:04 GMT+0800 (+08): GET /help
Mon Jun 26 2017 02:01:08 GMT+0800 (+08): GET /
Mon Jun 26 2017 02:01:10 GMT+0800 (+08): GET /about
Mon Jun 26 2017 02:01:11 GMT+0800 (+08): GET /help
Mon Jun 26 2017 02:01:13 GMT+0800 (+08): GET /
Mon Jun 26 2017 02:04:43 GMT+0800 (+08): GET /
Mon Jun 26 2017 02:06:01 GMT+0800 (+08): GET /
Mon Jun 26 2017 02:06:04 GMT+0800 (+08): GET /
Mon Jun 26 2017 02:06:06 GMT+0800 (+08): GET /about
Mon Jun 26 2017 02:06:08 GMT+0800 (+08): GET /help
Mon Jun 26 2017 02:06:12 GMT+0800 (+08): GET /
Mon Jun 26 2017 02:06:15 GMT+0800 (+08): GET /about
Mon Jun 26 2017 02:06:16 GMT+0800 (+08): GET /help
Mon Jun 26 2017 02:06:17 GMT+0800 (+08): GET /
Mon Jun 26 2017 02:09:33 GMT+0800 (+08): GET /
Mon Jun 26 2017 02:09:34 GMT+0800 (+08): GET /
Mon Jun 26 2017 02:09:34 GMT+0800 (+08): GET /
Mon Jun 26 2017 02:11:03 GMT+0800 (+08): GET /
Mon Jun 26 2017 02:12:49 GMT+0800 (+08): GET /
Mon Jun 26 2017 02:12:52 GMT+0800 (+08): GET /about
Mon Jun 26 2017 02:12:53 GMT+0800 (+08): GET /help
Mon Jun 26 2017 02:12:55 GMT+0800 (+08): GET /about
Mon Jun 26 2017 02:12:56 GMT+0800 (+08): GET /
Mon Jun 26 2017 02:12:57 GMT+0800 (+08): GET /about
Mon Jun 26 2017 02:12:58 GMT+0800 (+08): GET /help
Mon Jun 26 2017 02:13:00 GMT+0800 (+08): GET /
Mon Jun 26 2017 02:13:01 GMT+0800 (+08): GET /about
Mon Jun 26 2017 02:13:03 GMT+0800 (+08): GET /help
Mon Jun 26 2017 02:13:04 GMT+0800 (+08): GET /
Mon Jun 26 2017 02:17:19 GMT+0800 (+08): GET /
Mon Jun 26 2017 02:17:23 GMT+0800 (+08): GET /about
Mon Jun 26 2017 02:17:24 GMT+0800 (+08): GET /help
Mon Jun 26 2017 02:17:25 GMT+0800 (+08): GET /about
Mon Jun 26 2017 02:19:12 GMT+0800 (+08): GET /about
Mon Jun 26 2017 02:19:17 GMT+0800 (+08): GET /about
Mon Jun 26 2017 02:19:18 GMT+0800 (+08): GET /help
Mon Jun 26 2017 02:20:12 GMT+0800 (+08): GET /help
Mon Jun 26 2017 02:20:42 GMT+0800 (+08): GET /
Mon Jun 26 2017 02:20:45 GMT+0800 (+08): GET /about
Mon Jun 26 2017 02:20:47 GMT+0800 (+08): GET /help
Mon Jun 26 2017 02:22:27 GMT+0800 (+08): GET /
Mon Jun 26 2017 02:25:52 GMT+0800 (+08): GET /
Mon Jun 26 2017 02:27:48 GMT+0800 (+08): GET /
Mon Jun 26 2017 02:28:22 GMT+0800 (+08): GET /about
Mon Jun 26 2017 02:28:28 GMT+0800 (+08): GET /help
Mon Jun 26 2017 02:40:54 GMT+0800 (+08): GET /
Mon Jun 26 2017 02:40:59 GMT+0800 (+08): GET /about
Mon Jun 26 2017 02:41:01 GMT+0800 (+08): GET /help
Mon Jun 26 2017 02:41:03 GMT+0800 (+08): GET /about
Mon Jun 26 2017 09:23:32 GMT+0800 (+08): GET /
Mon Jun 26 2017 09:37:55 GMT+0800 (+08): GET /
Mon Jun 26 2017 09:37:55 GMT+0800 (+08): GET /fb4.jpg
Mon Jun 26 2017 09:38:22 GMT+0800 (+08): GET /
Mon Jun 26 2017 09:38:22 GMT+0800 (+08): GET /fb4.jpg
Mon Jun 26 2017 09:38:33 GMT+0800 (+08): GET /
Mon Jun 26 2017 09:38:33 GMT+0800 (+08): GET /fb4.jpg
Mon Jun 26 2017 09:38:35 GMT+0800 (+08): GET /
Mon Jun 26 2017 09:38:35 GMT+0800 (+08): GET /fb4.jpg
Mon Jun 26 2017 09:39:20 GMT+0800 (+08): GET /
Mon Jun 26 2017 09:39:21 GMT+0800 (+08): GET /fb4.jpg
Mon Jun 26 2017 09:40:52 GMT+0800 (+08): GET /
Mon Jun 26 2017 09:40:52 GMT+0800 (+08): GET /fb4.jpg
Mon Jun 26 2017 09:42:56 GMT+0800 (+08): GET /
Mon Jun 26 2017 09:42:56 GMT+0800 (+08): GET /fb4.jpg
Mon Jun 26 2017 09:43:34 GMT+0800 (+08): GET /
Mon Jun 26 2017 09:43:34 GMT+0800 (+08): GET /fb4.jpg
Mon Jun 26 2017 09:43:43 GMT+0800 (+08): GET /
Mon Jun 26 2017 09:43:43 GMT+0800 (+08): GET /fb4.jpg
Mon Jun 26 2017 09:44:04 GMT+0800 (+08): GET /favicon.ico
Mon Jun 26 2017 09:44:16 GMT+0800 (+08): GET /fb4.jpg
Mon Jun 26 2017 09:45:40 GMT+0800 (+08): GET /
Mon Jun 26 2017 09:45:40 GMT+0800 (+08): GET /public/fb4.jpg
Mon Jun 26 2017 09:45:42 GMT+0800 (+08): GET /
Mon Jun 26 2017 09:45:42 GMT+0800 (+08): GET /public/fb4.jpg
Mon Jun 26 2017 09:45:56 GMT+0800 (+08): GET /
Mon Jun 26 2017 09:45:58 GMT+0800 (+08): GET /public/fb4.jpg
Mon Jun 26 2017 09:46:53 GMT+0800 (+08): GET /public/fb4.jpg
Mon Jun 26 2017 09:46:56 GMT+0800 (+08): GET /
Mon Jun 26 2017 09:46:56 GMT+0800 (+08): GET /public/fb4.jpg
Mon Jun 26 2017 09:46:57 GMT+0800 (+08): GET /
Mon Jun 26 2017 09:46:57 GMT+0800 (+08): GET /public/fb4.jpg
Mon Jun 26 2017 09:48:32 GMT+0800 (+08): GET /
Mon Jun 26 2017 09:48:32 GMT+0800 (+08): GET /public/fb4.jpg
Mon Jun 26 2017 09:48:32 GMT+0800 (+08): GET /public/fb4.jpg
Mon Jun 26 2017 10:00:34 GMT+0800 (+08): GET /
Mon Jun 26 2017 10:00:34 GMT+0800 (+08): GET /public/fb4.jpg
Mon Jun 26 2017 10:00:37 GMT+0800 (+08): GET /
Mon Jun 26 2017 10:00:37 GMT+0800 (+08): GET /public/fb4.jpg
Mon Jun 26 2017 10:00:37 GMT+0800 (+08): GET /public/fb4.jpg
Mon Jun 26 2017 10:00:39 GMT+0800 (+08): GET /
Mon Jun 26 2017 10:00:39 GMT+0800 (+08): GET /public/fb4.jpg
Mon Jun 26 2017 10:00:39 GMT+0800 (+08): GET /public/fb4.jpg
Mon Jun 26 2017 10:00:48 GMT+0800 (+08): GET /
Mon Jun 26 2017 10:00:48 GMT+0800 (+08): GET /public/fb4.jpg
Mon Jun 26 2017 10:00:50 GMT+0800 (+08): GET /
Mon Jun 26 2017 10:00:50 GMT+0800 (+08): GET /public/fb4.jpg
Mon Jun 26 2017 10:02:07 GMT+0800 (+08): GET /
Mon Jun 26 2017 10:02:08 GMT+0800 (+08): GET /public/fb4.jpg
Mon Jun 26 2017 10:02:10 GMT+0800 (+08): GET /
Mon Jun 26 2017 10:02:10 GMT+0800 (+08): GET /public/fb4.jpg
Mon Jun 26 2017 10:02:18 GMT+0800 (+08): GET /
Mon Jun 26 2017 10:02:18 GMT+0800 (+08): GET /public/fb4.jpg
Mon Jun 26 2017 10:02:28 GMT+0800 (+08): GET /public/fb4.jpg
Mon Jun 26 2017 10:03:33 GMT+0800 (+08): GET /public/fb4.jpg
Mon Jun 26 2017 10:03:40 GMT+0800 (+08): GET /public/fb4.jpg
Mon Jun 26 2017 10:03:42 GMT+0800 (+08): GET /public/fb4.jpg
Mon Jun 26 2017 10:04:01 GMT+0800 (+08): GET /public/fb4.jpg
Mon Jun 26 2017 10:07:55 GMT+0800 (+08): GET /
Mon Jun 26 2017 10:07:55 GMT+0800 (+08): GET /public/fb4.jpg
Mon Jun 26 2017 10:08:00 GMT+0800 (+08): GET /public/fb4.jpg
Mon Jun 26 2017 10:08:02 GMT+0800 (+08): GET /public/fb4.jpg
Mon Jun 26 2017 10:08:04 GMT+0800 (+08): GET /public/fb4.jpg
Mon Jun 26 2017 10:09:48 GMT+0800 (+08): GET /public/fb4.jpg
Mon Jun 26 2017 10:09:50 GMT+0800 (+08): GET /public/fb4.jpg
Mon Jun 26 2017 10:09:51 GMT+0800 (+08): GET /
Mon Jun 26 2017 10:09:52 GMT+0800 (+08): GET /public/fb4.jpg
Mon Jun 26 2017 10:09:54 GMT+0800 (+08): GET /
Mon Jun 26 2017 10:09:54 GMT+0800 (+08): GET /public/fb4.jpg
Mon Jun 26 2017 10:12:15 GMT+0800 (+08): GET /
Mon Jun 26 2017 10:12:15 GMT+0800 (+08): GET /public/fb4.jpg
Mon Jun 26 2017 10:12:19 GMT+0800 (+08): GET /public/fb4.jpg
Mon Jun 26 2017 11:58:50 GMT+0800 (+08): GET /
Mon Jun 26 2017 11:58:53 GMT+0800 (+08): GET /public/fb4.jpg
Mon Jun 26 2017 12:02:02 GMT+0800 (+08): GET /
Mon Jun 26 2017 12:03:47 GMT+0800 (+08): GET /
Mon Jun 26 2017 12:04:11 GMT+0800 (+08): GET /about
Mon Jun 26 2017 12:04:12 GMT+0800 (+08): GET /help
Mon Jun 26 2017 12:04:13 GMT+0800 (+08): GET /about
Mon Jun 26 2017 12:04:36 GMT+0800 (+08): GET /about
Mon Jun 26 2017 12:04:38 GMT+0800 (+08): GET /help
Mon Jun 26 2017 12:04:39 GMT+0800 (+08): GET /
Mon Jun 26 2017 12:05:10 GMT+0800 (+08): GET /about
Mon Jun 26 2017 12:06:23 GMT+0800 (+08): GET /
Mon Jun 26 2017 12:12:38 GMT+0800 (+08): GET /
Mon Jun 26 2017 12:14:27 GMT+0800 (+08): GET /
Mon Jun 26 2017 12:14:29 GMT+0800 (+08): GET /
Mon Jun 26 2017 12:14:47 GMT+0800 (+08): GET /
Mon Jun 26 2017 12:15:01 GMT+0800 (+08): GET /about
Mon Jun 26 2017 12:15:02 GMT+0800 (+08): GET /help
Mon Jun 26 2017 12:15:18 GMT+0800 (+08): GET /about
Mon Jun 26 2017 12:15:19 GMT+0800 (+08): GET /
Mon Jun 26 2017 12:26:49 GMT+0800 (+08): GET /
Mon Jun 26 2017 12:29:17 GMT+0800 (+08): GET /
Mon Jun 26 2017 12:29:18 GMT+0800 (+08): GET /img/ccna.jpg
Mon Jun 26 2017 12:29:54 GMT+0800 (+08): GET /
Mon Jun 26 2017 12:34:43 GMT+0800 (+08): GET /
Mon Jun 26 2017 12:34:53 GMT+0800 (+08): GET /
Mon Jun 26 2017 12:35:20 GMT+0800 (+08): GET /
Mon Jun 26 2017 12:40:17 GMT+0800 (+08): GET /
Mon Jun 26 2017 12:41:35 GMT+0800 (+08): GET /
Mon Jun 26 2017 12:41:44 GMT+0800 (+08): GET /
Mon Jun 26 2017 12:42:23 GMT+0800 (+08): GET /
Mon Jun 26 2017 12:43:53 GMT+0800 (+08): GET /
Mon Jun 26 2017 12:44:17 GMT+0800 (+08): GET /
Mon Jun 26 2017 12:45:55 GMT+0800 (+08): GET /
Mon Jun 26 2017 12:46:55 GMT+0800 (+08): GET /
Mon Jun 26 2017 12:48:04 GMT+0800 (+08): GET /
Mon Jun 26 2017 12:48:39 GMT+0800 (+08): GET /
Mon Jun 26 2017 12:48:41 GMT+0800 (+08): GET /
Mon Jun 26 2017 12:48:49 GMT+0800 (+08): GET /
Mon Jun 26 2017 12:49:36 GMT+0800 (+08): GET /
Mon Jun 26 2017 12:50:35 GMT+0800 (+08): GET /
Mon Jun 26 2017 12:51:01 GMT+0800 (+08): GET /
Mon Jun 26 2017 12:52:19 GMT+0800 (+08): GET /
Mon Jun 26 2017 12:53:31 GMT+0800 (+08): GET /
Mon Jun 26 2017 12:53:53 GMT+0800 (+08): GET /
Mon Jun 26 2017 12:56:06 GMT+0800 (+08): GET /
Mon Jun 26 2017 13:01:13 GMT+0800 (+08): GET /
Mon Jun 26 2017 13:05:12 GMT+0800 (+08): GET /
Mon Jun 26 2017 13:06:17 GMT+0800 (+08): GET /
Mon Jun 26 2017 13:06:41 GMT+0800 (+08): GET /about
Mon Jun 26 2017 13:07:52 GMT+0800 (+08): GET /about
Mon Jun 26 2017 13:08:27 GMT+0800 (+08): GET /
Mon Jun 26 2017 13:16:12 GMT+0800 (+08): GET /about
Mon Jun 26 2017 13:18:18 GMT+0800 (+08): GET /about
Mon Jun 26 2017 13:25:14 GMT+0800 (+08): GET /about
Mon Jun 26 2017 13:28:34 GMT+0800 (+08): GET /about
Mon Jun 26 2017 13:28:45 GMT+0800 (+08): GET /about
Mon Jun 26 2017 13:29:29 GMT+0800 (+08): GET /about
Mon Jun 26 2017 13:30:57 GMT+0800 (+08): GET /about
Mon Jun 26 2017 13:39:12 GMT+0800 (+08): GET /about
Mon Jun 26 2017 13:39:37 GMT+0800 (+08): GET /about
Mon Jun 26 2017 13:39:49 GMT+0800 (+08): GET /about
Mon Jun 26 2017 13:39:50 GMT+0800 (+08): GET /help
Mon Jun 26 2017 13:39:51 GMT+0800 (+08): GET /
Mon Jun 26 2017 13:46:52 GMT+0800 (+08): GET /
Mon Jun 26 2017 13:48:53 GMT+0800 (+08): GET /
Mon Jun 26 2017 13:49:04 GMT+0800 (+08): GET /about
Mon Jun 26 2017 13:49:05 GMT+0800 (+08): GET /help
Mon Jun 26 2017 13:49:06 GMT+0800 (+08): GET /
